[2019-03-03 13:11:34] START
[2020-03-25 00:23:43] EDIT Final_Modelos_II/views/defaultLayout.html: 0
[2020-03-25 00:26:07] EDIT Final_Modelos_II/views/defaultLayout.html: 0
[2020-03-25 00:44:22] EDIT Final_Modelos_II/views/defaultLayout.html: 0
[2020-03-25 00:44:56] EDIT Final_Modelos_II/views/defaultLayout.html: 2
[2020-03-25 00:46:30] EDIT Final_Modelos_II/views/defaultLayout.html: -2
[2020-03-25 00:47:07] EDIT Final_Modelos_II/views/defaultLayout.html: 0
[2020-03-25 00:47:36] EDIT Final_Modelos_II/views/defaultLayout.html: 0
[2020-03-25 00:47:45] EDIT Final_Modelos_II/views/defaultLayout.html: 0
[2020-03-25 00:48:09] EDIT Final_Modelos_II/views/defaultLayout.html: 0
[2020-03-25 00:48:16] EDIT Final_Modelos_II/views/defaultLayout.html: 0
[2020-03-25 00:50:36] EDIT Final_Modelos_II/views/defaultLayout.html: 0
[2020-03-25 00:50:44] EDIT Final_Modelos_II/views/defaultLayout.html: 0
[2020-03-25 00:51:59] EDIT Final_Modelos_II/views/defaultLayout.html: 0
[2020-03-25 00:53:12] EDIT Final_Modelos_II/views/defaultLayout.html: 0
[2020-03-25 00:53:45] EDIT Final_Modelos_II/views/defaultLayout.html: 0
[2020-03-25 00:54:02] EDIT Final_Modelos_II/views/defaultLayout.html: 0
[2020-03-25 00:54:14] EDIT Final_Modelos_II/views/defaultLayout.html: 0
[2020-03-25 01:00:59] EDIT Final_Modelos_II/views/defaultLayout.html: 0
[2020-03-25 01:01:37] EDIT Final_Modelos_II/views/defaultLayout.html: 0
[2020-03-25 01:03:13] EDIT Final_Modelos_II/views/defaultLayout.html: -3
[2020-03-25 01:05:12] UPLOAD C:/Users/Alvaro/AppData/Local/Programs/Python/Python38/web2py/applications/Final_Modelos_II/static/Escudo_UD: 1044
[2020-03-25 01:08:53] EDIT Final_Modelos_II/views/defaultLayout.html: -3
[2020-03-25 01:09:14] EDIT Final_Modelos_II/views/defaultLayout.html: 0
[2020-03-25 01:13:58] EDIT Final_Modelos_II/views/defaultLayout.html: 0
[2020-03-25 01:14:20] EDIT Final_Modelos_II/views/defaultLayout.html: 0
[2020-03-25 01:15:23] EDIT Final_Modelos_II/views/defaultLayout.html: 0
[2020-03-25 01:16:54] EDIT Final_Modelos_II/views/defaultLayout.html: 0
[2020-03-25 01:17:43] EDIT Final_Modelos_II/views/defaultLayout.html: 0
[2020-03-25 01:18:21] EDIT Final_Modelos_II/views/defaultLayout.html: 0
[2020-03-25 01:18:44] EDIT Final_Modelos_II/views/defaultLayout.html: 0
[2020-03-25 01:21:38] EDIT Final_Modelos_II/views/default/index.html: 0
[2020-03-25 01:21:49] EDIT Final_Modelos_II/views/default/index.html: 0
[2020-03-25 01:22:10] EDIT Final_Modelos_II/views/defaultLayout.html: 0
[2020-03-25 01:25:15] EDIT Final_Modelos_II/views/defaultLayout.html: 0
[2020-03-25 01:25:31] EDIT Final_Modelos_II/views/defaultLayout.html: 0
[2020-03-25 01:25:48] EDIT Final_Modelos_II/views/defaultLayout.html: 0
[2020-03-25 01:27:16] EDIT Final_Modelos_II/views/defaultLayout.html: 0
[2020-03-25 01:27:31] EDIT Final_Modelos_II/views/defaultLayout.html: 0
[2020-03-25 01:29:28] EDIT Final_Modelos_II/views/defaultLayout.html: 0
[2020-03-25 01:29:28] EDIT Final_Modelos_II/views/defaultLayout.html: 0
[2020-03-25 01:29:28] EDIT Final_Modelos_II/views/defaultLayout.html: 0
[2020-03-25 01:29:38] EDIT Final_Modelos_II/views/defaultLayout.html: 0
[2020-03-25 01:30:27] EDIT Final_Modelos_II/views/defaultLayout.html: 0
[2020-03-25 01:32:14] EDIT Final_Modelos_II/views/defaultLayout.html: 0
[2020-03-25 01:33:06] EDIT Final_Modelos_II/views/defaultLayout.html: 0
[2020-03-25 01:33:18] EDIT Final_Modelos_II/views/defaultLayout.html: 0
[2020-03-25 01:34:33] EDIT Final_Modelos_II/views/defaultLayout.html: 0
[2020-03-25 01:35:07] EDIT Final_Modelos_II/views/defaultLayout.html: 0
[2020-03-25 01:35:54] EDIT Final_Modelos_II/views/defaultLayout.html: 0
[2020-03-25 01:36:06] EDIT Final_Modelos_II/views/defaultLayout.html: 0
[2020-03-25 01:38:56] EDIT Final_Modelos_II/views/defaultLayout.html: 0
[2020-03-25 01:41:17] EDIT Final_Modelos_II/views/defaultLayout.html: 0
[2020-03-25 01:41:39] EDIT Final_Modelos_II/views/defaultLayout.html: 0
[2020-03-25 01:42:00] EDIT Final_Modelos_II/views/defaultLayout.html: 0
[2020-03-25 01:43:27] EDIT Final_Modelos_II/static/css/style.css: 0
[2020-03-25 01:43:39] EDIT Final_Modelos_II/static/css/style.css: 0
[2020-03-25 01:43:58] EDIT Final_Modelos_II/views/defaultLayout.html: 0
[2020-03-25 01:45:05] EDIT Final_Modelos_II/static/css/style.css: 0
[2020-03-25 01:46:33] EDIT Final_Modelos_II/views/defaultLayout.html: 0
[2020-03-25 01:49:02] EDIT Final_Modelos_II/views/defaultLayout.html: 0
[2020-03-25 01:51:31] EDIT Final_Modelos_II/views/defaultLayout.html: 0
[2020-03-25 01:53:27] CREATE juegos.html: 0
[2020-03-25 01:53:45] DELETE Final_Modelos_II/views/juegos.html: -3
[2020-03-25 01:54:09] CREATE default/juegos.html: 0
[2020-03-25 01:54:20] EDIT Final_Modelos_II/views/default/juegos.html: 57
[2020-03-25 01:55:51] EDIT Final_Modelos_II/controllers/default.py: 2
[2020-03-25 01:56:32] EDIT Final_Modelos_II/controllers/default.py: -1
[2020-03-25 01:57:50] EDIT Final_Modelos_II/views/default/index.html: -13
[2020-03-25 01:58:17] EDIT Final_Modelos_II/controllers/default.py: 2
[2020-03-25 02:00:18] EDIT Final_Modelos_II/views/default/index.html: -1
[2020-03-25 02:00:46] EDIT Final_Modelos_II/views/default/index.html: 0
[2020-03-25 02:01:12] EDIT Final_Modelos_II/views/default/index.html: 0
[2020-03-25 02:03:36] EDIT Final_Modelos_II/views/defaultLayout.html: 0
[2020-03-25 02:04:01] EDIT Final_Modelos_II/views/defaultLayout.html: 0
[2020-03-25 02:11:34] EDIT Final_Modelos_II/views/defaultLayout.html: 0
[2020-03-25 02:11:34] EDIT Final_Modelos_II/views/defaultLayout.html: 0
[2020-03-25 02:29:08] EDIT Final_Modelos_II/views/defaultLayout.html: 2
[2020-03-25 02:30:12] EDIT Final_Modelos_II/controllers/default.py: 0
[2020-03-25 02:46:05] EDIT Final_Modelos_II/views/defaultLayout.html: 0
[2020-03-25 02:46:17] EDIT Final_Modelos_II/views/defaultLayout.html: 0
[2020-03-25 02:46:28] EDIT Final_Modelos_II/views/defaultLayout.html: 0
[2020-03-25 02:46:58] EDIT Final_Modelos_II/views/defaultLayout.html: 0
[2020-03-25 02:47:23] EDIT Final_Modelos_II/views/defaultLayout.html: 0
[2020-03-25 02:47:35] EDIT Final_Modelos_II/views/defaultLayout.html: 0
[2020-03-25 02:47:59] EDIT Final_Modelos_II/views/defaultLayout.html: 0
[2020-03-25 02:48:22] EDIT Final_Modelos_II/views/defaultLayout.html: 0
[2020-03-25 02:48:52] EDIT Final_Modelos_II/controllers/default.py: 0
[2020-03-25 02:52:36] EDIT Final_Modelos_II/views/defaultLayout.html: -18
[2020-03-25 02:56:25] EDIT Final_Modelos_II/views/defaultLayout.html: 17
[2020-03-25 02:56:40] EDIT Final_Modelos_II/views/defaultLayout.html: -1
[2020-03-25 02:56:47] EDIT Final_Modelos_II/views/defaultLayout.html: 1
[2020-03-25 02:59:55] EDIT Final_Modelos_II/views/default/index.html: -1
[2020-03-25 03:00:02] EDIT Final_Modelos_II/views/default/index.html: 1
[2020-03-25 03:01:16] EDIT Final_Modelos_II/views/default/index.html: -7
[2020-03-25 03:01:25] EDIT Final_Modelos_II/views/default/index.html: 7
[2020-03-25 03:02:47] EDIT Final_Modelos_II/views/default/index.html: 0
[2020-03-25 03:03:28] EDIT Final_Modelos_II/views/default/index.html: 0
[2020-03-25 03:04:23] EDIT Final_Modelos_II/views/default/index.html: 1
[2020-03-25 03:08:21] EDIT Final_Modelos_II/views/default/index.html: 0
[2020-03-25 03:08:47] EDIT Final_Modelos_II/views/default/index.html: 1
[2020-03-25 03:12:28] EDIT Final_Modelos_II/views/default/index.html: 0
[2020-03-25 03:12:51] EDIT Final_Modelos_II/views/default/index.html: 0
[2020-03-25 03:15:22] EDIT Final_Modelos_II/views/default/index.html: 0
[2020-03-25 03:15:56] EDIT Final_Modelos_II/views/default/index.html: -31
[2020-03-25 03:16:25] EDIT Final_Modelos_II/views/default/index.html: 0
[2020-03-25 03:17:02] EDIT Final_Modelos_II/views/default/index.html: -1
[2020-03-25 03:17:37] EDIT Final_Modelos_II/views/default/index.html: -1
[2020-03-25 03:18:35] EDIT Final_Modelos_II/views/default/index.html: 0
[2020-03-25 03:18:53] EDIT Final_Modelos_II/views/default/index.html: 0
[2020-03-25 03:19:07] EDIT Final_Modelos_II/views/default/index.html: 0
[2020-03-25 03:20:12] EDIT Final_Modelos_II/views/default/index.html: 0
[2020-03-25 03:20:34] EDIT Final_Modelos_II/views/default/index.html: 0
[2020-03-25 03:21:34] EDIT Final_Modelos_II/views/default/index.html: 0
[2020-03-25 03:24:00] EDIT Final_Modelos_II/views/default/index.html: 0
[2020-03-25 03:24:38] EDIT Final_Modelos_II/views/default/index.html: 0
[2020-03-25 03:27:19] EDIT Final_Modelos_II/views/default/index.html: -2
[2020-03-25 03:30:49] EDIT Final_Modelos_II/views/default/index.html: 0
[2020-03-25 03:31:17] EDIT Final_Modelos_II/views/default/index.html: 0
[2020-03-25 03:51:02] EDIT Final_Modelos_II/controllers/default.py: 0
[2020-03-25 03:51:51] EDIT Final_Modelos_II/controllers/default.py: -1
[2020-03-25 03:58:24] EDIT Final_Modelos_II/controllers/default.py: 1
[2020-03-25 04:05:12] EDIT Final_Modelos_II/views/default/index.html: 0
[2020-03-25 04:07:23] EDIT Final_Modelos_II/views/default/index.html: 0
[2020-03-25 04:07:24] EDIT Final_Modelos_II/views/default/index.html: 0
[2020-03-25 04:08:11] DELETE Final_Modelos_II/static/images/Escudo_UD.png: -1
[2020-03-25 04:08:46] UPLOAD C:/Users/Alvaro/AppData/Local/Programs/Python/Python38/web2py/applications/Final_Modelos_II/static/EscudoUD.png: 1044
[2020-03-25 04:09:55] EDIT Final_Modelos_II/views/default/index.html: 0
[2020-03-25 04:10:23] EDIT Final_Modelos_II/views/default/index.html: 0
[2020-03-25 04:10:55] EDIT Final_Modelos_II/views/default/index.html: 0
[2020-03-25 04:11:33] EDIT Final_Modelos_II/views/default/index.html: 0
[2020-03-25 04:12:29] EDIT Final_Modelos_II/views/default/index.html: 0
[2020-03-25 04:12:51] EDIT Final_Modelos_II/views/default/index.html: 0
[2020-03-25 04:13:23] EDIT Final_Modelos_II/views/default/index.html: 0
[2020-03-25 04:13:23] EDIT Final_Modelos_II/views/default/index.html: 0
[2020-03-25 04:13:23] EDIT Final_Modelos_II/views/default/index.html: 0
[2020-03-25 04:13:24] EDIT Final_Modelos_II/views/default/index.html: 0
[2020-03-25 04:13:24] EDIT Final_Modelos_II/views/default/index.html: 0
[2020-03-25 04:13:24] EDIT Final_Modelos_II/views/default/index.html: 0
[2020-03-25 04:13:24] EDIT Final_Modelos_II/views/default/index.html: 0
[2020-03-25 04:13:25] EDIT Final_Modelos_II/views/default/index.html: 0
[2020-03-25 04:13:25] EDIT Final_Modelos_II/views/default/index.html: 0
[2020-03-25 04:13:25] EDIT Final_Modelos_II/views/default/index.html: 0
[2020-03-25 04:13:26] EDIT Final_Modelos_II/views/default/index.html: 0
[2020-03-25 04:13:26] EDIT Final_Modelos_II/views/default/index.html: 0
[2020-03-25 04:13:26] EDIT Final_Modelos_II/views/default/index.html: 0
[2020-03-25 04:13:26] EDIT Final_Modelos_II/views/default/index.html: 0
[2020-03-25 04:13:27] EDIT Final_Modelos_II/views/default/index.html: 0
[2020-03-25 04:13:27] EDIT Final_Modelos_II/views/default/index.html: 0
[2020-03-25 04:13:27] EDIT Final_Modelos_II/views/default/index.html: 0
[2020-03-25 04:13:46] EDIT Final_Modelos_II/views/default/index.html: 0
[2020-03-25 04:13:47] EDIT Final_Modelos_II/views/default/index.html: 0
[2020-03-25 04:14:09] EDIT Final_Modelos_II/views/default/index.html: 0
[2020-03-25 04:15:23] EDIT Final_Modelos_II/views/default/index.html: 0
[2020-03-25 04:15:38] EDIT Final_Modelos_II/views/default/index.html: 0
[2020-03-25 04:24:09] EDIT Final_Modelos_II/views/default/index.html: 0
[2020-03-25 04:45:40] EDIT Final_Modelos_II/views/default/index.html: 0
[2020-03-25 04:45:57] EDIT Final_Modelos_II/views/default/index.html: 0
[2020-03-25 04:48:13] EDIT Final_Modelos_II/views/default/index.html: 0
[2020-03-25 04:52:54] EDIT Final_Modelos_II/views/default/index.html: 0
[2020-03-25 04:53:26] EDIT Final_Modelos_II/views/default/index.html: 0
[2020-03-25 05:13:51] EDIT Final_Modelos_II/views/defaultLayout.html: 0
[2020-03-25 05:16:38] EDIT Final_Modelos_II/views/defaultLayout.html: 0
[2020-03-25 05:18:54] EDIT Final_Modelos_II/views/defaultLayout.html: 0
[2020-03-25 05:18:58] EDIT Final_Modelos_II/views/defaultLayout.html: 0
[2020-03-25 10:37:22] EDIT Final_Modelos_II/views/defaultLayout.html: 0
[2020-03-25 10:37:39] EDIT Final_Modelos_II/views/defaultLayout.html: 0
[2020-03-25 10:52:30] EDIT Final_Modelos_II/views/defaultLayout.html: 0
[2020-03-25 10:52:42] EDIT Final_Modelos_II/views/defaultLayout.html: 0
[2020-03-29 14:11:32] EDIT Final_Modelos_II/views/defaultLayout.html: -3
[2020-03-29 14:15:28] EDIT Final_Modelos_II/controllers/default.py: 0
[2020-03-29 14:15:29] EDIT Final_Modelos_II/controllers/default.py: 0
[2020-03-29 14:16:46] EDIT Final_Modelos_II/views/defaultLayout.html: 3
[2020-03-29 14:17:06] EDIT Final_Modelos_II/views/defaultLayout.html: 0
[2020-03-29 14:18:18] EDIT Final_Modelos_II/views/defaultLayout.html: 0
[2020-03-29 14:18:42] EDIT Final_Modelos_II/views/defaultLayout.html: 0
[2020-03-29 14:18:50] EDIT Final_Modelos_II/views/defaultLayout.html: 0
[2020-03-29 20:26:23] EDIT Final_Modelos_II/static/FlappyBird/juego.js: 0
[2020-03-29 20:26:36] EDIT Final_Modelos_II/static/FlappyBird/juego.js: 0
[2020-03-29 20:26:58] EDIT Final_Modelos_II/static/FlappyBird/index.html: 0
[2020-03-29 20:27:52] EDIT Final_Modelos_II/static/FlappyBird/juego.js: 0
[2020-03-29 20:28:15] EDIT Final_Modelos_II/static/2048/scripts/Modelo/AdministradorJuego.js: 0
[2020-03-29 20:28:16] EDIT Final_Modelos_II/static/2048/scripts/Modelo/AdministradorJuego.js: 0
[2020-03-29 20:29:12] DELETE Final_Modelos_II/static/2048/scripts/Modelo/AdministradorJuego.js.bak: -204
[2020-03-29 20:29:49] DELETE Final_Modelos_II/static/FlappyBird/juego.js.bak: -169
[2020-03-29 20:30:22] DELETE Final_Modelos_II/static/FlappyBird/index.html.bak: -8
[2020-03-29 21:00:53] EDIT Final_Modelos_II/static/FlappyBird/index.html: 0
[2020-03-29 21:00:54] EDIT Final_Modelos_II/static/FlappyBird/index.html: 0
[2020-03-29 21:00:54] EDIT Final_Modelos_II/static/FlappyBird/index.html: 0
[2020-03-29 21:00:54] EDIT Final_Modelos_II/static/FlappyBird/index.html: 0
[2020-03-29 21:00:54] EDIT Final_Modelos_II/static/FlappyBird/index.html: 0
[2020-03-29 21:00:54] EDIT Final_Modelos_II/static/FlappyBird/index.html: 0
[2020-03-29 21:00:55] EDIT Final_Modelos_II/static/FlappyBird/index.html: 0
[2020-03-29 21:00:55] EDIT Final_Modelos_II/static/FlappyBird/index.html: 0
[2020-03-29 21:00:55] EDIT Final_Modelos_II/static/FlappyBird/index.html: 0
[2020-03-29 21:00:55] EDIT Final_Modelos_II/static/FlappyBird/index.html: 0
[2020-03-29 21:00:55] EDIT Final_Modelos_II/static/FlappyBird/index.html: 0
[2020-03-29 21:00:56] EDIT Final_Modelos_II/static/FlappyBird/index.html: 0
[2020-03-29 21:00:56] EDIT Final_Modelos_II/static/FlappyBird/index.html: 0
[2020-03-29 21:00:56] EDIT Final_Modelos_II/static/FlappyBird/index.html: 0
[2020-03-29 21:00:56] EDIT Final_Modelos_II/static/FlappyBird/index.html: 0
[2020-03-29 21:00:57] EDIT Final_Modelos_II/static/FlappyBird/index.html: 0
[2020-03-29 21:03:56] EDIT Final_Modelos_II/static/FlappyBird/index.html: 0
[2020-03-29 21:03:56] EDIT Final_Modelos_II/static/FlappyBird/index.html: 0
[2020-03-29 21:03:57] EDIT Final_Modelos_II/static/FlappyBird/index.html: 0
[2020-03-29 21:03:57] EDIT Final_Modelos_II/static/FlappyBird/index.html: 0
[2020-03-29 21:03:57] EDIT Final_Modelos_II/static/FlappyBird/index.html: 0
[2020-03-29 21:03:57] EDIT Final_Modelos_II/static/FlappyBird/index.html: 0
[2020-03-29 21:03:57] EDIT Final_Modelos_II/static/FlappyBird/index.html: 0
[2020-03-29 21:04:08] EDIT Final_Modelos_II/static/FlappyBird/index.html: 0
[2020-03-29 21:04:09] EDIT Final_Modelos_II/static/FlappyBird/index.html: 0
[2020-03-29 21:04:40] EDIT Final_Modelos_II/static/FlappyBird/index.html: 0
[2020-03-29 21:04:41] EDIT Final_Modelos_II/static/FlappyBird/index.html: 0
[2020-03-29 21:04:41] EDIT Final_Modelos_II/static/FlappyBird/index.html: 0
[2020-03-29 21:04:41] EDIT Final_Modelos_II/static/FlappyBird/index.html: 0
[2020-03-29 21:04:41] EDIT Final_Modelos_II/static/FlappyBird/index.html: 0
[2020-03-29 21:04:42] EDIT Final_Modelos_II/static/FlappyBird/index.html: 0
[2020-03-29 21:22:27] EDIT Final_Modelos_II/static/flappyBird/juego.js: 0
[2020-03-29 21:40:51] EDIT Final_Modelos_II/static/bounce/index.html: 0
[2020-03-29 21:41:16] EDIT Final_Modelos_II/static/bounce/index.html: 0
[2020-03-29 21:41:24] EDIT Final_Modelos_II/static/bounce/index.html: 0
[2020-03-29 21:56:47] EDIT Final_Modelos_II/static/bounce/index.html: -1
[2020-03-29 21:56:55] EDIT Final_Modelos_II/static/bounce/index.html: 0
[2020-03-29 22:03:07] EDIT Final_Modelos_II/static/bounce/index.html: 0
[2020-03-29 22:04:56] EDIT Final_Modelos_II/static/bounce/index.html: 0
[2020-03-29 22:05:43] EDIT Final_Modelos_II/static/bounce/index.html: 0
[2020-03-29 22:05:55] EDIT Final_Modelos_II/static/bounce/index.html: 0
[2020-03-30 11:19:15] EDIT Final_Modelos_II/static/bounce/index.html: 0
[2020-03-30 11:21:46] EDIT Final_Modelos_II/static/bounce/index.html: 1
[2020-03-30 11:21:46] EDIT Final_Modelos_II/static/bounce/index.html: 0
[2020-03-30 11:21:46] EDIT Final_Modelos_II/static/bounce/index.html: 0
[2020-03-30 11:21:50] EDIT Final_Modelos_II/static/bounce/index.html: 0
[2020-03-30 11:25:27] EDIT Final_Modelos_II/static/bounce/index.html: 0
[2020-03-30 11:29:53] EDIT Final_Modelos_II/static/bounce/index.html: 0
[2020-03-30 11:30:53] EDIT Final_Modelos_II/static/bounce/index.html: 0
[2020-03-30 11:31:12] EDIT Final_Modelos_II/static/bounce/index.html: 0
[2020-03-30 11:31:40] EDIT Final_Modelos_II/static/bounce/index.html: 0
[2020-03-30 11:31:41] EDIT Final_Modelos_II/static/bounce/index.html: 0
[2020-03-30 11:33:11] EDIT Final_Modelos_II/static/bounce/index.html: 0
[2020-03-30 11:33:39] EDIT Final_Modelos_II/static/bounce/index.html: 0
[2020-03-30 11:33:53] EDIT Final_Modelos_II/static/bounce/index.html: 0
[2020-03-30 11:34:57] EDIT Final_Modelos_II/static/bounce/index.html: 0
[2020-03-30 11:35:20] EDIT Final_Modelos_II/static/bounce/index.html: 0
[2020-03-30 11:36:01] EDIT Final_Modelos_II/static/bounce/index.html: 0
[2020-03-30 11:36:29] EDIT Final_Modelos_II/static/bounce/index.html: 0
[2020-03-30 11:37:04] EDIT Final_Modelos_II/static/bounce/source/Display.js: 0
[2020-03-30 11:37:25] EDIT Final_Modelos_II/static/bounce/source/Display.js: 0
[2020-03-30 11:58:19] EDIT Final_Modelos_II/static/bounce/source/Display.js: 0
[2020-03-30 11:58:24] EDIT Final_Modelos_II/static/bounce/source/Display.js: 0
[2020-03-30 11:58:25] EDIT Final_Modelos_II/static/bounce/source/Display.js: 0
[2020-03-30 12:09:16] DELETE Final_Modelos_II/static/bounce/index.html.bak: -88
[2020-03-30 12:09:43] EDIT Final_Modelos_II/static/bounce/index.html: 0
[2020-03-30 12:09:58] DELETE Final_Modelos_II/static/bounce/source/Display.js.bak: -58
[2020-03-30 12:10:11] EDIT Final_Modelos_II/static/bounce/source/Display.js: 0
[2020-03-30 12:16:15] EDIT Final_Modelos_II/static/tetris/source/Display.js: 0
[2020-03-30 12:17:03] EDIT Final_Modelos_II/static/tetris/index.html: 0
[2020-03-30 12:17:38] EDIT Final_Modelos_II/static/tetris/index.html: -1
[2020-03-30 12:17:53] EDIT Final_Modelos_II/static/tetris/index.html: 0
[2020-03-30 12:18:07] EDIT Final_Modelos_II/static/tetris/index.html: 0
[2020-03-30 12:18:35] EDIT Final_Modelos_II/static/tetris/index.html: 0
[2020-03-30 12:30:32] EDIT Final_Modelos_II/static/pacman/index.html: 0
[2020-03-30 12:30:46] EDIT Final_Modelos_II/static/pacman/index.html: -1
[2020-03-30 12:31:27] EDIT Final_Modelos_II/static/pacman/index.html: -1
[2020-03-30 12:31:31] EDIT Final_Modelos_II/static/pacman/index.html: 0
[2020-03-30 12:45:20] EDIT Final_Modelos_II/static/flappyBird/juego.js: 0
[2020-03-30 12:49:03] EDIT Final_Modelos_II/views/default/jugadores.html: 0
[2020-03-30 12:50:06] EDIT Final_Modelos_II/views/default/jugadores.html: 0
[2020-03-30 12:50:31] EDIT Final_Modelos_II/views/default/jugadores.html: 0
[2020-03-30 12:50:31] EDIT Final_Modelos_II/views/default/jugadores.html: 0
[2020-03-30 12:50:48] EDIT Final_Modelos_II/views/default/jugadores.html: 0
[2020-03-30 12:56:46] EDIT Final_Modelos_II/static/css/style.css: 5
[2020-03-30 12:57:31] EDIT Final_Modelos_II/static/css/style.css: 2
[2020-03-30 12:57:51] EDIT Final_Modelos_II/static/css/style.css: -7
[2020-03-30 13:01:48] EDIT Final_Modelos_II/views/defaultLayout.html: 8
[2020-03-30 13:02:23] EDIT Final_Modelos_II/views/defaultLayout.html: 0
[2020-03-30 13:02:43] EDIT Final_Modelos_II/views/default/index.html: 0
[2020-03-30 13:04:15] EDIT Final_Modelos_II/views/default/index.html: 0
[2020-03-30 13:04:59] EDIT Final_Modelos_II/views/default/juegos.html: 0
[2020-03-30 13:05:39] EDIT Final_Modelos_II/views/default/jugadores.html: 0
[2020-03-30 13:06:56] EDIT Final_Modelos_II/views/default/index.html: 0
[2020-03-30 13:07:16] EDIT Final_Modelos_II/views/default/index.html: 0
[2020-03-30 13:08:22] EDIT Final_Modelos_II/views/default/index.html: 0
[2020-03-30 13:08:27] EDIT Final_Modelos_II/views/default/index.html: 0
[2020-03-30 13:08:28] EDIT Final_Modelos_II/views/default/index.html: 0
[2020-03-30 13:08:52] EDIT Final_Modelos_II/views/default/index.html: 0
